0 info it worked if it ends with ok
1 verbose cli [ '/Users/apple/.nvm/versions/node/v6.1.0/bin/node',
1 verbose cli   '/Users/apple/.nvm/versions/node/v6.1.0/bin/npm',
1 verbose cli   'run',
1 verbose cli   'prepush' ]
2 info using npm@4.0.5
3 info using node@v6.1.0
4 verbose run-script [ 'prepush' ]
5 info lifecycle ccms-components@2.5.0~prepush: ccms-components@2.5.0
6 verbose lifecycle ccms-components@2.5.0~prepush: unsafe-perm in lifecycle true
7 verbose lifecycle ccms-components@2.5.0~prepush: PATH: /Users/apple/.nvm/versions/node/v6.1.0/lib/node_modules/.npm_npminstall/npm/4.0.5/npm/bin/node-gyp-bin:/Users/apple/area-selector/ccms-components/node_modules/.bin:/Users/apple/.nvm/versions/node/v6.1.0/lib/node_modules/cnpm/node_modules/npminstall/node-gyp-bin:/Users/apple/area-selector/ccms-components/node_modules/.bin:/Users/apple/area-selector/ccms-components/node_modules/.0.10.2@husky/node_modules/.bin:/Users/apple/.nvm/versions/node/v6.1.0/bin:/usr/local/bin:/usr/bin:/bin:/usr/sbin:/sbin
8 verbose lifecycle ccms-components@2.5.0~prepush: CWD: /Users/apple/area-selector/ccms-components
9 silly lifecycle ccms-components@2.5.0~prepush: Args: [ '-c', 'npm test' ]
10 silly lifecycle ccms-components@2.5.0~prepush: Returned: code: 1  signal: null
11 info lifecycle ccms-components@2.5.0~prepush: Failed to exec prepush script
12 verbose stack Error: ccms-components@2.5.0 prepush: `npm test`
12 verbose stack Exit status 1
12 verbose stack     at EventEmitter.<anonymous> (/Users/apple/.nvm/versions/node/v6.1.0/lib/node_modules/.npm_npminstall/npm/4.0.5/npm/lib/utils/lifecycle.js:279:16)
12 verbose stack     at emitTwo (events.js:106:13)
12 verbose stack     at EventEmitter.emit (events.js:191:7)
12 verbose stack     at ChildProcess.<anonymous> (/Users/apple/.nvm/versions/node/v6.1.0/lib/node_modules/.npm_npminstall/npm/4.0.5/npm/lib/utils/spawn.js:40:14)
12 verbose stack     at emitTwo (events.js:106:13)
12 verbose stack     at ChildProcess.emit (events.js:191:7)
12 verbose stack     at maybeClose (internal/child_process.js:850:16)
12 verbose stack     at Process.ChildProcess._handle.onexit (internal/child_process.js:215:5)
13 verbose pkgid ccms-components@2.5.0
14 verbose cwd /Users/apple/area-selector/ccms-components
15 error Darwin 15.6.0
16 error argv "/Users/apple/.nvm/versions/node/v6.1.0/bin/node" "/Users/apple/.nvm/versions/node/v6.1.0/bin/npm" "run" "prepush"
17 error node v6.1.0
18 error npm  v4.0.5
19 error code ELIFECYCLE
20 error ccms-components@2.5.0 prepush: `npm test`
20 error Exit status 1
21 error Failed at the ccms-components@2.5.0 prepush script 'npm test'.
21 error Make sure you have the latest version of node.js and npm installed.
21 error If you do, this is most likely a problem with the ccms-components package,
21 error not with npm itself.
21 error Tell the author that this fails on your system:
21 error     npm test
21 error You can get information on how to open an issue for this project with:
21 error     npm bugs ccms-components
21 error Or if that isn't available, you can get their info via:
21 error     npm owner ls ccms-components
21 error There is likely additional logging output above.
22 verbose exit [ 1, true ]
